{
  "RSpec": {
    "coverage": {
      "/home/mauricio-p/udemy/ruby_on_rails/univ_app/app/controllers/courses_controller.rb": [
        null,
        null,
        1,
        1,
        null,
        1,
        null
      ],
      "/home/mauricio-p/udemy/ruby_on_rails/univ_app/app/controllers/application_controller.rb": [
        null,
        null,
        1,
        null
      ],
      "/home/mauricio-p/udemy/ruby_on_rails/univ_app/spec/controllers/pages_controller_spec.rb": [
        1,
        null,
        1,
        1,
        1,
        1,
        null,
        1,
        null,
        null,
        null
      ],
      "/home/mauricio-p/udemy/ruby_on_rails/univ_app/app/controllers/pages_controller.rb": [
        null,
        null,
        1,
        1,
        null
      ],
      "/home/mauricio-p/udemy/ruby_on_rails/univ_app/spec/models/course_spec.rb": [
        1,
        null,
        1,
        1,
        2,
        2,
        2,
        2,
        2,
        null,
        null
      ],
      "/home/mauricio-p/udemy/ruby_on_rails/univ_app/app/models/course.rb": [
        null,
        null,
        1,
        1,
        1,
        null
      ],
      "/home/mauricio-p/udemy/ruby_on_rails/univ_app/app/models/application_record.rb": [
        null,
        null,
        1,
        1,
        null
      ]
    },
    "timestamp": 1577680725
  }
}
